<?xml version="1.0" encoding="utf-8"?>
<!--

    Copyright (C) 2014-2025 Philip Helger (www.helger.com)
    philip[at]helger[dot]com

    Licensed under the Apache License, Version 2.0 (the "License");
    you may not use this file except in compliance with the License.
    You may obtain a copy of the License at

            http://www.apache.org/licenses/LICENSE-2.0

    Unless required by applicable law or agreed to in writing, software
    distributed under the License is distributed on an "AS IS" BASIS,
    WITHOUT WARRANTIES OR CONDITIONS OF ANY KIND, either express or implied.
    See the License for the specific language governing permissions and
    limitations under the License.

-->
<mappings>
  <internal key="internal1" href="/app?p=internal1" />
  <internal key="internal2" href="/app?p=internal2" />
  <external key="external1" href="https://joinup.ec.europa.eu/software/cipaedelivery/description" />
  <external key="external2" href="https://www.google.at" />
  <external key="external3" href="http://eur-lex.europa.eu/legal-content/DE/TXT/?uri=CELEX:32010L0045" />
</mappings>
  